<?xml version="1.0" encoding="UTF-8"?>
<testng-results ignored="0" total="1" passed="1" failed="0" skipped="0">
  <reporter-output>
  </reporter-output>
  <suite started-at="2024-03-13T05:58:14 GMT" name="Default suite" finished-at="2024-03-13T05:58:14 GMT" duration-ms="78">
    <groups>
    </groups>
    <test started-at="2024-03-13T05:58:14 GMT" name="Default test" finished-at="2024-03-13T05:58:14 GMT" duration-ms="78">
      <class name="CheckBox.checkboxVal">
        <test-method signature="example()[pri:0, instance:CheckBox.checkboxVal@6e0f5f7f]" started-at="2024-03-13T05:58:14 GMT" name="example" finished-at="2024-03-13T05:58:14 GMT" duration-ms="12" status="PASS">
          <reporter-output>
          </reporter-output>
        </test-method> <!-- example -->
      </class> <!-- CheckBox.checkboxVal -->
    </test> <!-- Default test -->
  </suite> <!-- Default suite -->
</testng-results>
